#
# There is insufficient memory for the Java Runtime Environment to continue.
# Native memory allocation (mmap) failed to map 134217728 bytes for Failed to commit area from 0x0000000081600000 to 0x0000000089600000 of length 134217728.
# Possible reasons:
#   The system is out of physical RAM or swap space
#   The process is running with CompressedOops enabled, and the Java Heap may be blocking the growth of the native heap
# Possible solutions:
#   Reduce memory load on the system
#   Increase physical memory or swap space
#   Check if swap backing store is full
#   Decrease Java heap size (-Xmx/-Xms)
#   Decrease number of Java threads
#   Decrease Java thread stack sizes (-Xss)
#   Set larger code cache with -XX:ReservedCodeCacheSize=
# This output file may be truncated or incomplete.
#
#  Out of Memory Error (t:/workspace/open/src/hotspot/os/windows/os_windows.cpp:3301), pid=9940, tid=3476
#
# JRE version:  (13.0.2+8) (build )
# Java VM: Java HotSpot(TM) 64-Bit Server VM (13.0.2+8, mixed mode, aot, sharing, tiered, compressed oops, g1 gc, windows-amd64)
# No core dump will be written. Minidumps are not enabled by default on client versions of Windows
#

---------------  S U M M A R Y ------------

Command Line: -javaagent:D:\Programs\IntelliJ IDEA Community Edition 2019.3.3\lib\idea_rt.jar=62385:D:\Programs\IntelliJ IDEA Community Edition 2019.3.3\bin -Dfile.encoding=UTF-8 com.weiss.discoveryserver.DiscoveryServerApplication

Host: Intel(R) Core(TM) i5-4210U CPU @ 1.70GHz, 4 cores, 7G,  Windows 10 , 64 bit Build 17134 (10.0.17134.753)
Time: Sun Mar  1 00:11:06 2020 Ea?onaeeineia a?aiy (ceia) elapsed time: 0 seconds (0d 0h 0m 0s)

---------------  T H R E A D  ---------------

Current thread (0x0000022c464f3000):  JavaThread "Unknown thread" [_thread_in_vm, id=3476, stack(0x0000003d61f00000,0x0000003d62000000)]

Stack: [0x0000003d61f00000,0x0000003d62000000]
Native frames: (J=compiled Java code, j=interpreted, Vv=VM code, C=native code)
V  [jvm.dll+0x624f9a]
V  [jvm.dll+0x770cfa]
V  [jvm.dll+0x7724af]
V  [jvm.dll+0x772ab3]
V  [jvm.dll+0x24bf08]
V  [jvm.dll+0x6222aa]
V  [jvm.dll+0x6170b5]
V  [jvm.dll+0x30a88c]
V  [jvm.dll+0x30a6c2]
V  [jvm.dll+0x30fe36]
V  [jvm.dll+0x353f46]
V  [jvm.dll+0x353720]
V  [jvm.dll+0x2e550a]
V  [jvm.dll+0x2e67a2]
V  [jvm.dll+0x74dd78]
V  [jvm.dll+0x361989]
V  [jvm.dll+0x730e65]
V  [jvm.dll+0x3cc53f]
V  [jvm.dll+0x3ce861]
C  [jli.dll+0x51ff]
C  [ucrtbase.dll+0x1e3fe]
C  [KERNEL32.DLL+0x14034]
C  [ntdll.dll+0x73691]


---------------  P R O C E S S  ---------------

Threads class SMR info:
_java_thread_list=0x00007ffe39c1ccb8, length=0, elements={
}

Java Threads: ( => current thread )

Other Threads:
  0x0000022c46537800 GCTaskThread "GC Thread#0" [stack: 0x0000003d62000000,0x0000003d62100000] [id=17468]
  0x0000022c4654b000 ConcurrentGCThread "G1 Main Marker" [stack: 0x0000003d62100000,0x0000003d62200000] [id=15076]
  0x0000022c4654c000 ConcurrentGCThread "G1 Conc#0" [stack: 0x0000003d62200000,0x0000003d62300000] [id=5304]

[error occurred during error reporting (printing all threads), id 0xc0000005, EXCEPTION_ACCESS_VIOLATION (0xc0000005) at pc=0x00007ffe394551d7]

VM state:not at safepoint (not fully initialized)

VM Mutex/Monitor currently owned by a thread:  ([mutex/lock_event])
[0x0000022c464ef0c0] Heap_lock - owner thread: 0x0000022c464f3000

Heap address: 0x0000000081600000, size: 2026 MB, Compressed Oops mode: Non-zero based: 0x0000000081600000
Narrow klass base: 0x0000000000000000, Narrow klass shift: 0

GC Heap History (0 events):
No events

Deoptimization events (0 events):
No events

Classes unloaded (0 events):
No events

Classes redefined (0 events):
No events

Internal exceptions (0 events):
No events

Events (8 events):
Event: 0.125 Loaded shared library C:\Program Files\Java\jdk-13.0.2\bin\zip.dll
Event: 0.126 Loaded shared library C:\Program Files\Java\jdk-13.0.2\bin\jimage.dll
Event: 0.129 Loading shared library C:\Program Files\Java\jdk-13.0.2\lib\libjava.base-coop.dll failed, error code 126
Event: 0.129 Loading shared library C:\Program Files\Java\jdk-13.0.2\lib\libjava.logging-coop.dll failed, error code 126
Event: 0.129 Loading shared library C:\Program Files\Java\jdk-13.0.2\lib\libjdk.compiler-coop.dll failed, error code 126
Event: 0.129 Loading shared library C:\Program Files\Java\jdk-13.0.2\lib\libjdk.scripting.nashorn-coop.dll failed, error code 126
Event: 0.129 Loading shared library C:\Program Files\Java\jdk-13.0.2\lib\libjdk.internal.vm.ci-coop.dll failed, error code 126
Event: 0.129 Loading shared library C:\Program Files\Java\jdk-13.0.2\lib\libjdk.internal.vm.compiler-coop.dll failed, error code 126


Dynamic libraries:
0x00007ff721bf0000 - 0x00007ff721bff000 	C:\Program Files\Java\jdk-13.0.2\bin\java.exe
0x00007ffe77370000 - 0x00007ffe77551000 	C:\Windows\SYSTEM32\ntdll.dll
0x00007ffe76d10000 - 0x00007ffe76dc1000 	C:\Windows\System32\KERNEL32.DLL
0x00007ffe738e0000 - 0x00007ffe73b53000 	C:\Windows\System32\KERNELBASE.dll
0x00007ffe737e0000 - 0x00007ffe738d8000 	C:\Windows\System32\ucrtbase.dll
0x00007ffe67d30000 - 0x00007ffe67d48000 	C:\Program Files\Java\jdk-13.0.2\bin\jli.dll
0x00007ffe764f0000 - 0x00007ffe76591000 	C:\Windows\System32\ADVAPI32.dll
0x00007ffe76c10000 - 0x00007ffe76cae000 	C:\Windows\System32\msvcrt.dll
0x00007ffe76cb0000 - 0x00007ffe76d0b000 	C:\Windows\System32\sechost.dll
0x00007ffe77180000 - 0x00007ffe772a4000 	C:\Windows\System32\RPCRT4.dll
0x00007ffe765a0000 - 0x00007ffe76730000 	C:\Windows\System32\USER32.dll
0x00007ffe73740000 - 0x00007ffe73760000 	C:\Windows\System32\win32u.dll
0x00007ffe76790000 - 0x00007ffe767b8000 	C:\Windows\System32\GDI32.dll
0x00007ffe73b60000 - 0x00007ffe73cf1000 	C:\Windows\System32\gdi32full.dll
0x00007ffe74470000 - 0x00007ffe7450f000 	C:\Windows\System32\msvcp_win.dll
0x00007ffe679b0000 - 0x00007ffe679c5000 	C:\Program Files\Java\jdk-13.0.2\bin\VCRUNTIME140.dll
0x00007ffe6cac0000 - 0x00007ffe6cd29000 	C:\Windows\WinSxS\amd64_microsoft.windows.common-controls_6595b64144ccf1df_6.0.17134.885_none_fb42a3473065565f\COMCTL32.dll
0x00007ffe74cb0000 - 0x00007ffe74fd2000 	C:\Windows\System32\combase.dll
0x00007ffe73760000 - 0x00007ffe737d9000 	C:\Windows\System32\bcryptPrimitives.dll
0x00007ffe6ca70000 - 0x00007ffe6ca7a000 	C:\Windows\SYSTEM32\VERSION.dll
0x00007ffe76bd0000 - 0x00007ffe76bfd000 	C:\Windows\System32\IMM32.DLL
0x00007ffe5d990000 - 0x00007ffe5da2b000 	C:\Program Files\Java\jdk-13.0.2\bin\msvcp140.dll
0x00007ffe39160000 - 0x00007ffe39cbd000 	C:\Program Files\Java\jdk-13.0.2\bin\server\jvm.dll
0x00007ffe772b0000 - 0x00007ffe772b8000 	C:\Windows\System32\PSAPI.DLL
0x00007ffe6ee10000 - 0x00007ffe6ee19000 	C:\Windows\SYSTEM32\WSOCK32.dll
0x00007ffe767c0000 - 0x00007ffe7682c000 	C:\Windows\System32\WS2_32.dll
0x00007ffe6d230000 - 0x00007ffe6d253000 	C:\Windows\SYSTEM32\WINMM.dll
0x00007ffe6d200000 - 0x00007ffe6d22a000 	C:\Windows\SYSTEM32\WINMMBASE.dll
0x00007ffe747b0000 - 0x00007ffe747f9000 	C:\Windows\System32\cfgmgr32.dll
0x00007ffe73720000 - 0x00007ffe73731000 	C:\Windows\System32\kernel.appcore.dll
0x00007ffe6cd30000 - 0x00007ffe6cd40000 	C:\Program Files\Java\jdk-13.0.2\bin\verify.dll
0x00007ffe62170000 - 0x00007ffe62339000 	C:\Windows\SYSTEM32\DBGHELP.DLL
0x00007ffe62030000 - 0x00007ffe62059000 	C:\Windows\SYSTEM32\dbgcore.DLL
0x00007ffe66e20000 - 0x00007ffe66e46000 	C:\Program Files\Java\jdk-13.0.2\bin\java.dll
0x00007ffe6ff40000 - 0x00007ffe6ff4e000 	C:\Program Files\Java\jdk-13.0.2\bin\instrument.dll
0x00007ffe67990000 - 0x00007ffe679a7000 	C:\Program Files\Java\jdk-13.0.2\bin\zip.dll
0x00007ffe6c200000 - 0x00007ffe6c20a000 	C:\Program Files\Java\jdk-13.0.2\bin\jimage.dll

dbghelp: loaded successfully - version: 4.0.5 - missing functions: none
symbol engine: initialized successfully - sym options: 0x614 - pdb path: .;C:\Program Files\Java\jdk-13.0.2\bin;C:\Windows\SYSTEM32;C:\Windows\WinSxS\amd64_microsoft.windows.common-controls_6595b64144ccf1df_6.0.17134.885_none_fb42a3473065565f;C:\Program Files\Java\jdk-13.0.2\bin\server

VM Arguments:
jvm_args: -javaagent:D:\Programs\IntelliJ IDEA Community Edition 2019.3.3\lib\idea_rt.jar=62385:D:\Programs\IntelliJ IDEA Community Edition 2019.3.3\bin -Dfile.encoding=UTF-8 
java_command: com.weiss.discoveryserver.DiscoveryServerApplication
java_class_path (initial): D:\uac\IDEA\discovery-server\target\classes;C:\Users\l9mon\.m2\repository\org\springframework\cloud\spring-cloud-starter-netflix-eureka-server\2.2.1.RELEASE\spring-cloud-starter-netflix-eureka-server-2.2.1.RELEASE.jar;C:\Users\l9mon\.m2\repository\org\springframework\cloud\spring-cloud-starter\2.2.1.RELEASE\spring-cloud-starter-2.2.1.RELEASE.jar;C:\Users\l9mon\.m2\repository\org\springframework\cloud\spring-cloud-context\2.2.1.RELEASE\spring-cloud-context-2.2.1.RELEASE.jar;C:\Users\l9mon\.m2\repository\org\springframework\security\spring-security-crypto\5.2.2.RELEASE\spring-security-crypto-5.2.2.RELEASE.jar;C:\Users\l9mon\.m2\repository\org\springframework\cloud\spring-cloud-commons\2.2.1.RELEASE\spring-cloud-commons-2.2.1.RELEASE.jar;C:\Users\l9mon\.m2\repository\org\springframework\security\spring-security-rsa\1.0.9.RELEASE\spring-security-rsa-1.0.9.RELEASE.jar;C:\Users\l9mon\.m2\repository\org\bouncycastle\bcpkix-jdk15on\1.64\bcpkix-jdk15on-1.64.jar;C:\Users\l9mon\.m2\repository\org\bouncycastle\bcprov-jdk15on\1.64\bcprov-jdk15on-1.64.jar;C:\Users\l9mon\.m2\repository\org\springframework\cloud\spring-cloud-netflix-eureka-server\2.2.1.RELEASE\spring-cloud-netflix-eureka-server-2.2.1.RELEASE.jar;C:\Users\l9mon\.m2\repository\org\springframework\boot\spring-boot-starter-web\2.2.5.RELEASE\spring-boot-starter-web-2.2.5.RELEASE.jar;C:\Users\l9mon\.m2\repository\org\springframework\boot\spring-boot-starter-json\2.2.5.RELEASE\spring-boot-starter-json-2.2.5.RELEASE.jar;C:\Users\l9mon\.m2\repository\com\fasterxml\jackson\datatype\jackson-datatype-jdk8\2.10.2\jackson-datatype-jdk8-2.10.2.jar;C:\Users\l9mon\.m2\repository\com\fasterxml\jackson\datatype\jackson-datatype-jsr310\2.10.2\jackson-datatype-jsr310-2.10.2.jar;C:\Users\l9mon\.m2\repository\com\fasterxml\jackson\module\jackson-module-parameter-names\2.10.2\jackson-module-parameter-names-2.10.2.jar;C:\Users\l9mon\.m2\repository\org\springframework\boot\spring-boot-starter-tomcat\2.2.5.RELEAS
Launcher Type: SUN_STANDARD

[Global flags]
     intx CICompilerCount                          = 3                                         {product} {ergonomic}
     uint ConcGCThreads                            = 1                                         {product} {ergonomic}
     uint G1ConcRefinementThreads                  = 4                                         {product} {ergonomic}
   size_t G1HeapRegionSize                         = 1048576                                   {product} {ergonomic}
    uintx GCDrainStackTargetSize                   = 64                                        {product} {ergonomic}
   size_t InitialHeapSize                          = 134217728                                 {product} {ergonomic}
   size_t MarkStackSize                            = 4194304                                   {product} {ergonomic}
   size_t MaxHeapSize                              = 2124414976                                {product} {ergonomic}
   size_t MinHeapDeltaBytes                        = 1048576                                   {product} {ergonomic}
   size_t MinHeapSize                              = 8388608                                   {product} {ergonomic}
    uintx NonNMethodCodeHeapSize                   = 5832780                                {pd product} {ergonomic}
    uintx NonProfiledCodeHeapSize                  = 122912730                              {pd product} {ergonomic}
    uintx ProfiledCodeHeapSize                     = 122912730                              {pd product} {ergonomic}
    uintx ReservedCodeCacheSize                    = 251658240                              {pd product} {ergonomic}
     bool SegmentedCodeCache                       = true                                      {product} {ergonomic}
   size_t SoftMaxHeapSize                          = 2124414976                             {manageable} {ergonomic}
     bool UseCompressedClassPointers               = true                                 {lp64_product} {ergonomic}
     bool UseCompressedOops                        = true                                 {lp64_product} {ergonomic}
     bool UseG1GC                                  = true                                      {product} {ergonomic}
     bool UseLargePagesIndividualAllocation        = false                                  {pd product} {ergonomic}

Logging:
Log output configuration:
 #0: stdout all=warning uptime,level,tags
 #1: stderr all=off uptime,level,tags

Environment Variables:
PATH=C:\Program Files (x86)\Common Files\Oracle\Java\javapath;C:\Windows\system32;C:\Windows;C:\Windows\System32\Wbem;C:\Windows\System32\WindowsPowerShell\v1.0\;C:\Windows\System32\OpenSSH\;C:\Program Files\Git\cmd;C:\Program Files\nodejs\;C:\Android;C:\Windows\System32;C:\Users\l9mon\AppData\Local\Microsoft\WindowsApps;C:\Users\l9mon\AppData\Roaming\npm;D:\Programs\gradle-4.8-bin\gradle-4.8\bin;C:\Apache24\bin;D:\Programs\Fiddler;C:\Program Files\Java\jdk-13.0.2\bin;
USERNAME=l9mon
OS=Windows_NT
PROCESSOR_IDENTIFIER=Intel64 Family 6 Model 69 Stepping 1, GenuineIntel



---------------  S Y S T E M  ---------------

OS: Windows 10 , 64 bit Build 17134 (10.0.17134.753)

CPU:total 4 (initial active 4) (2 cores per cpu, 2 threads per core) family 6 model 69 stepping 1, cmov, cx8, fxsr, mmx, sse, sse2, sse3, ssse3, sse4.1, sse4.2, popcnt, avx, avx2, aes, clmul, erms, lzcnt, ht, tsc, tscinvbit, bmi1, bmi2, fma

Memory: 4k page, system-wide physical 8097M (1757M free)
TotalPageFile size 10211M (AvailPageFile size 128M)
current process WorkingSet (physical memory assigned to process): 10M, peak: 10M
current process commit charge ("private bytes"): 52M, peak: 180M

vm_info: Java HotSpot(TM) 64-Bit Server VM (13.0.2+8) for windows-amd64 JRE (13.0.2+8), built on Dec 11 2019 09:20:33 by "mach5one" with unknown MS VC++:1916

END.
